********************************************************************************
DUPLICATOR-LITE PACKAGE-LOG: 18 July 2023 9h46
NOTICE: Do NOT post to public sites or forums 
********************************************************************************
VERSION:	1.5.5
WORDPRESS:	6.2.2
PHP INFO:	8.0.26 | SAPI: apache2handler
SERVER:		Apache/2.4.54 (Win64) PHP/8.0.26 mod_fcgid/2.3.10-dev 
PHP TIME LIMIT: (0) no time limit imposed 
PHP MAX MEMORY: 4294967296 (128M default) 
MEMORY STACK: 16MB

********************************************************************************
DATABASE:
********************************************************************************
BUILD MODE:   MYSQLDUMP
MYSQLTIMEOUT: 5000
MYSQLDUMP:    Is Supported
SQL CREATED: 20230718_federationdepingpongdeuree_0d97be72869980e62842_20230718094613_database.sql
SQL FILE SIZE: 1.15MB (1200678)
SQL FILE TIME: 2023-07-18 09:46:52
SQL RUNTIME: 3.34 sec.

********************************************************************************
ARCHIVE (ZIP):
********************************************************************************
ARCHIVE DIR:  C:/wamp64/www/AssociationPingPong
ARCHIVE FILE: 20230718_federationdepingpongdeuree_0d97be72869980e62842_20230718094613_archive.zip
FILTERS: *OFF*
DIRS:
	not set
FILES:
	not set
EXTS:  not set
----------------------------------------
COMPRESSING
SIZE:	140.8MB
STATS:	Dirs 1,869 | Files 10,459
SQL ADDED: 20230718_federationdepingpongdeuree_0d97be72869980e62842_20230718094613_database.sql
ZipArchive Object
(
    [lastId] => 12327
    [status] => 0
    [statusSys] => 0
    [numFiles] => 12328
    [filename] => C:\wamp64\www\AssociationPingPong\wp-content\backups-dup-lite\tmp\20230718_federationdepingpongdeuree_0d97be72869980e62842_20230718094613_archive.zip
    [comment] => 
)

FILE ADDED TO ZIP: 12327
COMPRESSION RESULT: '1'
COMPRESSED SIZE: 56.21MB
ARCHIVE RUNTIME: 11.11 sec.
MEMORY STACK: 20MB
building installer
ARCHIVE CONSISTENCY TEST: PASS

********************************************************************************
INTEGRITY CHECKS:
********************************************************************************
SQL FILE: 1.15MB
INSTALLER FILE: 73.49KB
ARCHIVE FILE: 58.18MB 
EXPECTED FILE/DIRECTORY COUNT: 12,328
ACTUAL FILE/DIRECTORY COUNT: 12,327
ARCHIVE CONSISTENCY TEST: Pass

********************************************************************************
RECORD ID:[1]
TOTAL PROCESS RUNTIME: 15.84 sec.
PEAK PHP MEMORY USED: 24MB
DONE PROCESSING => 20230718_federationdepingpongdeuree 18 July 2023 9h47

