********************************************************************************
DUPLICATOR-LITE PACKAGE-LOG: 18 July 2023 14h25
NOTICE: Do NOT post to public sites or forums 
********************************************************************************
VERSION:	1.5.5
WORDPRESS:	6.2.2
PHP INFO:	8.0.26 | SAPI: apache2handler
SERVER:		Apache/2.4.54 (Win64) PHP/8.0.26 mod_fcgid/2.3.10-dev 
PHP TIME LIMIT: (0) no time limit imposed 
PHP MAX MEMORY: 4294967296 (128M default) 
MEMORY STACK: 22MB

********************************************************************************
DATABASE:
********************************************************************************
BUILD MODE:   MYSQLDUMP
MYSQLTIMEOUT: 5000
MYSQLDUMP:    Is Supported
SQL CREATED: 20230718_federationdepingpongdeuree_2edc3cd5417f27044819_20230718142518_database.sql
SQL FILE SIZE: 1.32MB (1384545)
SQL FILE TIME: 2023-07-18 14:25:34
SQL RUNTIME: 4.52 sec.

********************************************************************************
ARCHIVE (ZIP):
********************************************************************************
ARCHIVE DIR:  C:/wamp64/www/AssociationPingPong
ARCHIVE FILE: 20230718_federationdepingpongdeuree_2edc3cd5417f27044819_20230718142518_archive.zip
FILTERS: *OFF*
DIRS:
	not set
FILES:
	not set
EXTS:  not set
----------------------------------------
COMPRESSING
SIZE:	149.31MB
STATS:	Dirs 1,886 | Files 10,860
SQL ADDED: 20230718_federationdepingpongdeuree_2edc3cd5417f27044819_20230718142518_database.sql
ZipArchive Object
(
    [lastId] => 12745
    [status] => 0
    [statusSys] => 0
    [numFiles] => 12746
    [filename] => C:\wamp64\www\AssociationPingPong\wp-content\backups-dup-lite\tmp\20230718_federationdepingpongdeuree_2edc3cd5417f27044819_20230718142518_archive.zip
    [comment] => 
)

FILE ADDED TO ZIP: 12745
COMPRESSION RESULT: '1'
COMPRESSED SIZE: 60.18MB
ARCHIVE RUNTIME: 46.71 sec.
MEMORY STACK: 22MB
building installer
ARCHIVE CONSISTENCY TEST: PASS

********************************************************************************
INTEGRITY CHECKS:
********************************************************************************
SQL FILE: 1.32MB
INSTALLER FILE: 73.49KB
ARCHIVE FILE: 62.16MB 
COMPTE ATTENDU DE FICHIERS/RÉPERTOIRES : 12,746
COMPTE ACTUEL DE FICHIERS/RÉPERTOIRES : 12,745
TEST DE COHÉRENCE D’ARCHIVE : Bon

********************************************************************************
RECORD ID:[2]
TOTAL PROCESS RUNTIME: 52.63 sec.
PEAK PHP MEMORY USED: 24MB
DONE PROCESSING => 20230718_federationdepingpongdeuree 18 July 2023 14h26

